<?xml version="1.0" encoding="UTF-8"?>
<testng-results ignored="0" total="2" passed="0" failed="2" skipped="0">
  <reporter-output>
  </reporter-output>
  <suite started-at="2024-07-12T22:02:20 IST" name="Suite" finished-at="2024-07-12T22:02:36 IST" duration-ms="16707">
    <groups>
      <group name="cucumber">
        <method signature="AbstractTestNGCucumberTests.runScenario(io.cucumber.testng.PickleWrapper,io.cucumber.testng.FeatureWrapper)[pri:0, instance:runner.HomePageRunner@c8c12ac]" name="runScenario" class="io.cucumber.testng.AbstractTestNGCucumberTests"/>
      </group> <!-- cucumber -->
    </groups>
    <test started-at="2024-07-12T22:02:20 IST" name="Test" finished-at="2024-07-12T22:02:36 IST" duration-ms="16707">
      <class name="runner.HomePageRunner">
        <test-method is-config="true" signature="setUpClass(org.testng.ITestContext)[pri:0, instance:runner.HomePageRunner@c8c12ac]" started-at="2024-07-12T22:02:20 IST" name="setUpClass" finished-at="2024-07-12T22:02:20 IST" duration-ms="478" status="PASS">
          <params>
            <param index="0">
              <value>
                <![CDATA[org.testng.TestRunner@650aa077]]>
              </value>
            </param>
          </params>
          <reporter-output>
          </reporter-output>
        </test-method> <!-- setUpClass -->
        <test-method signature="runScenario(io.cucumber.testng.PickleWrapper,io.cucumber.testng.FeatureWrapper)[pri:0, instance:runner.HomePageRunner@c8c12ac]" started-at="2024-07-12T22:02:20 IST" name="runScenario" description="Runs Cucumber Scenarios" data-provider="scenarios" finished-at="2024-07-12T22:02:28 IST" duration-ms="7965" status="FAIL">
          <params>
            <param index="0">
              <value>
                <![CDATA["validate title"]]>
              </value>
            </param>
            <param index="1">
              <value>
                <![CDATA["HomePage Functionality"]]>
              </value>
            </param>
          </params>
          <exception class="java.lang.AssertionError">
            <message>
              <![CDATA[expected [true] but found [false]]]>
            </message>
            <full-stacktrace>
              <![CDATA[java.lang.AssertionError: expected [true] but found [false]
at org.testng.Assert.fail(Assert.java:110)
at org.testng.Assert.failNotEquals(Assert.java:1577)
at org.testng.Assert.assertTrue(Assert.java:56)
at org.testng.Assert.assertTrue(Assert.java:66)
at stepsClasse.HomePageSteps.page_title_should_contain_the(HomePageSteps.java:28)
at ✽.Page title  should contain the "Shopping"(file:///C:/Att/Amazon/src/test/resources/steps/HomePage.feature:5)
]]>
            </full-stacktrace>
          </exception> <!-- java.lang.AssertionError -->
          <reporter-output>
          </reporter-output>
        </test-method> <!-- runScenario -->
        <test-method signature="runScenario(io.cucumber.testng.PickleWrapper,io.cucumber.testng.FeatureWrapper)[pri:0, instance:runner.HomePageRunner@c8c12ac]" started-at="2024-07-12T22:02:28 IST" name="runScenario" description="Runs Cucumber Scenarios" data-provider="scenarios" finished-at="2024-07-12T22:02:34 IST" duration-ms="5405" status="FAIL">
          <params>
            <param index="0">
              <value>
                <![CDATA["verify the cart icon"]]>
              </value>
            </param>
            <param index="1">
              <value>
                <![CDATA["HomePage Functionality"]]>
              </value>
            </param>
          </params>
          <exception class="java.lang.NullPointerException">
            <message>
              <![CDATA[Cannot invoke "org.openqa.selenium.WebElement.isDisplayed()" because "element" is null]]>
            </message>
            <full-stacktrace>
              <![CDATA[java.lang.NullPointerException: Cannot invoke "org.openqa.selenium.WebElement.isDisplayed()" because "element" is null
at org.openqa.selenium.support.ui.ExpectedConditions.elementIfVisible(ExpectedConditions.java:304)
at org.openqa.selenium.support.ui.ExpectedConditions.access$000(ExpectedConditions.java:37)
at org.openqa.selenium.support.ui.ExpectedConditions$10.apply(ExpectedConditions.java:290)
at org.openqa.selenium.support.ui.ExpectedConditions$10.apply(ExpectedConditions.java:287)
at org.openqa.selenium.support.ui.FluentWait.until(FluentWait.java:205)
at pages.HomePage.verifyCartIcon(HomePage.java:67)
at stepsClasse.HomePageSteps.cart_icon_should_get_displayed(HomePageSteps.java:34)
at ✽.Cart icon should get displayed(file:///C:/Att/Amazon/src/test/resources/steps/HomePage.feature:9)
]]>
            </full-stacktrace>
          </exception> <!-- java.lang.NullPointerException -->
          <reporter-output>
          </reporter-output>
        </test-method> <!-- runScenario -->
        <test-method is-config="true" signature="tearDownClass()[pri:0, instance:runner.HomePageRunner@c8c12ac]" started-at="2024-07-12T22:02:34 IST" name="tearDownClass" finished-at="2024-07-12T22:02:36 IST" duration-ms="2824" status="PASS">
          <reporter-output>
          </reporter-output>
        </test-method> <!-- tearDownClass -->
      </class> <!-- runner.HomePageRunner -->
    </test> <!-- Test -->
  </suite> <!-- Suite -->
</testng-results>
