<?xml version="1.0" encoding="UTF-8"?>
<!-- Generated by org.testng.reporters.JUnitReportReporter -->
<testsuite hostname="LAPTOP-LHT308UH" failures="1" tests="2" name="runner.HomePageRunner" time="13.370" errors="1" timestamp="2024-07-12T22:02:37 IST" skipped="0">
  <testcase classname="runner.HomePageRunner" name="runScenario" time="7.965">
    <failure message="expected [true] but found [false]" type="java.lang.AssertionError">
      <![CDATA[java.lang.AssertionError: expected [true] but found [false]
at org.testng.Assert.fail(Assert.java:110)
at org.testng.Assert.failNotEquals(Assert.java:1577)
at org.testng.Assert.assertTrue(Assert.java:56)
at org.testng.Assert.assertTrue(Assert.java:66)
at stepsClasse.HomePageSteps.page_title_should_contain_the(HomePageSteps.java:28)
at ✽.Page title  should contain the "Shopping"(file:///C:/Att/Amazon/src/test/resources/steps/HomePage.feature:5)
]]>
    </failure>
  </testcase> <!-- runScenario -->
  <system-out/>
  <testcase classname="runner.HomePageRunner" name="runScenario" time="5.405">
    <error message="Cannot invoke &quot;org.openqa.selenium.WebElement.isDisplayed()&quot; because &quot;element&quot; is null" type="java.lang.NullPointerException">
      <![CDATA[java.lang.NullPointerException: Cannot invoke "org.openqa.selenium.WebElement.isDisplayed()" because "element" is null
at org.openqa.selenium.support.ui.ExpectedConditions.elementIfVisible(ExpectedConditions.java:304)
at org.openqa.selenium.support.ui.ExpectedConditions.access$000(ExpectedConditions.java:37)
at org.openqa.selenium.support.ui.ExpectedConditions$10.apply(ExpectedConditions.java:290)
at org.openqa.selenium.support.ui.ExpectedConditions$10.apply(ExpectedConditions.java:287)
at org.openqa.selenium.support.ui.FluentWait.until(FluentWait.java:205)
at pages.HomePage.verifyCartIcon(HomePage.java:67)
at stepsClasse.HomePageSteps.cart_icon_should_get_displayed(HomePageSteps.java:34)
at ✽.Cart icon should get displayed(file:///C:/Att/Amazon/src/test/resources/steps/HomePage.feature:9)
]]>
    </error>
  </testcase> <!-- runScenario -->
  <system-out/>
</testsuite> <!-- runner.HomePageRunner -->
